<?xml version="1.0" encoding="UTF-8"?>
<!-- Generated by org.testng.reporters.JUnitReportReporter -->
<testsuite skipped="0" hostname="DESKTOP-N3MN20P" name="qaclickacademy.MavenJava.AppiumTest" tests="2" failures="0" timestamp="2020-12-03T16:30:52 CET" time="0.010" errors="0">
  <testcase name="NativeAppAndroid" time="0.000" classname="qaclickacademy.MavenJava.AppiumTest"/>
  <system-out/>
  <testcase name="IOSApps" time="0.010" classname="qaclickacademy.MavenJava.AppiumTest"/>
  <system-out/>
</testsuite> <!-- qaclickacademy.MavenJava.AppiumTest -->
