<?xml version="1.0" encoding="UTF-8"?>
<!-- Generated by org.testng.reporters.JUnitReportReporter -->
<testsuite skipped="0" hostname="DESKTOP-N3MN20P" name="qaclickacademy.MavenJava.RestAPITest" tests="2" failures="0" timestamp="2020-12-03T16:28:12 CET" time="0.001" errors="0">
  <testcase name="deleteTwitter" time="0.000" classname="qaclickacademy.MavenJava.RestAPITest"/>
  <system-out/>
  <testcase name="postJIRA" time="0.001" classname="qaclickacademy.MavenJava.RestAPITest"/>
  <system-out/>
</testsuite> <!-- qaclickacademy.MavenJava.RestAPITest -->
